Flutter crash report.
Please report a bug at https://github.com/flutter/flutter/issues.

## command

flutter run

## exception

RPCError: getVM: (112) Service has disappeared

```
```

## flutter doctor

```
[✓] Flutter (Channel stable, 2.0.6, on Microsoft Windows [Version 10.0.19043.1288],
    locale en-US)
    • Flutter version 2.0.6 at C:\Source\flutter
    • Framework revision 1d9032c7e1 (6 months ago), 2021-04-29 17:37:58 -0700
    • Engine revision 05e680e202
    • Dart version 2.12.3
    • Pub download mirror https://pub.flutter-io.cn/
    • Flutter download mirror https://storage.flutter-io.cn/

[!] Android toolchain - develop for Android devices (Android SDK version 30.0.3)
    • Android SDK at C:\Users\Suzy Bilihatu\AppData\Local\Android\sdk
    • Platform android-30, build-tools 30.0.3
    • Java binary at: C:\Program Files\Android\Android Studio\jre\bin\java
    • Java version OpenJDK Runtime Environment (build 11.0.8+10-b944.6842174)
    ✗ Android license status unknown.
      Run `flutter doctor --android-licenses` to accept the SDK licenses.
      See https://flutter.dev/docs/get-started/install/windows#android-setup for more
      details.

[✓] Chrome - develop for the web
    • Chrome at C:\Program Files (x86)\Google\Chrome\Application\chrome.exe

[✓] Android Studio (version 4.1.0)
    • Android Studio at C:\Program Files\Android\Android Studio
    • Flutter plugin can be installed from:
      🔨 https://plugins.jetbrains.com/plugin/9212-flutter
    • Dart plugin can be installed from:
      🔨 https://plugins.jetbrains.com/plugin/6351-dart
    • Java version OpenJDK Runtime Environment (build 11.0.8+10-b944.6842174)

[✓] VS Code (version 1.61.2)
    • VS Code at C:\Users\Suzy Bilihatu\AppData\Local\Programs\Microsoft VS Code
    • Flutter extension version 3.27.0

[✓] Connected device (3 available)
    • SM G977N (mobile) • R3CM50EWWPN • android-arm64  • Android 11 (API 30)
    • Chrome (web)      • chrome      • web-javascript • Google Chrome 95.0.4638.54
    • Edge (web)        • edge        • web-javascript • Microsoft Edge 95.0.1020.30

! Doctor found issues in 1 category.
```
